Build started 2016/11/22 12:25:48.
     1>Project "C:\Users\abc\Documents\Visual Studio 2010\Projects\郑文庆2016.11.11第一次作业\1.5.c\1.5.c.vcxproj" on node 2 (rebuild target(s)).
     1>_PrepareForClean:
         Deleting file "Debug\1.5.c.lastbuildstate".
       InitializeBuildStatus:
         Touching "Debug\1.5.c.unsuccessfulbuild".
       ClCompile:
         e:\Program Files (x86)\Microsoft Visual Studio 10.0\VC\bin\CL.exe /c /ZI /nologo /W3 /WX- /Od /Oy- /D WIN32 /D _DEBUG /D _CONSOLE /D _UNICODE /D UNICODE /Gm /EHsc /RTC1 /MDd /GS /fp:precise /Zc:wchar_t /Zc:forScope /Fo"Debug\\" /Fd"Debug\vc100.pdb" /Gd /TC /analyze- /errorReport:prompt 1.5.c
         1.5.c
     1>c:\users\abc\documents\visual studio 2010\projects\郑文庆2016.11.11第一次作业\1.5.c\1.5.c(5): warning C4996: 'scanf': This function or variable may be unsafe. Consider using scanf_s instead. To disable deprecation, use _CRT_SECURE_NO_WARNINGS. See online help for details.
                 e:\program files (x86)\microsoft visual studio 10.0\vc\include\stdio.h(304) : see declaration of 'scanf'
       Link:
         e:\Program Files (x86)\Microsoft Visual Studio 10.0\VC\bin\link.exe /ERRORREPORT:PROMPT /OUT:"C:\Users\abc\Documents\Visual Studio 2010\Projects\郑文庆2016.11.11第一次作业\Debug\1.5.c.exe" /INCREMENTAL /NOLOGO kernel32.lib user32.lib gdi32.lib winspool.lib comdlg32.lib advapi32.lib shell32.lib ole32.lib oleaut32.lib uuid.lib odbc32.lib odbccp32.lib /MANIFEST /ManifestFile:"Debug\1.5.c.exe.intermediate.manifest" /MANIFESTUAC:"level='asInvoker' uiAccess='false'" /DEBUG /PDB:"C:\Users\abc\Documents\Visual Studio 2010\Projects\郑文庆2016.11.11第一次作业\Debug\1.5.c.pdb" /SUBSYSTEM:CONSOLE /TLBID:1 /DYNAMICBASE /NXCOMPAT /IMPLIB:"C:\Users\abc\Documents\Visual Studio 2010\Projects\郑文庆2016.11.11第一次作业\Debug\1.5.c.lib" /MACHINE:X86 Debug\1.5.obj
         1.5.c.vcxproj -> C:\Users\abc\Documents\Visual Studio 2010\Projects\郑文庆2016.11.11第一次作业\Debug\1.5.c.exe
       Manifest:
         C:\Program Files (x86)\Microsoft SDKs\Windows\v7.0A\bin\mt.exe /nologo /verbose /out:"C:\Users\abc\Documents\Visual Studio 2010\Projects\郑文庆2016.11.11第一次作业\Debug\1.5.c.exe.manifest" /manifest Debug\1.5.c.exe.intermediate.manifest
       FinalizeBuildStatus:
         Deleting file "Debug\1.5.c.unsuccessfulbuild".
         Touching "Debug\1.5.c.lastbuildstate".
     1>Done Building Project "C:\Users\abc\Documents\Visual Studio 2010\Projects\郑文庆2016.11.11第一次作业\1.5.c\1.5.c.vcxproj" (rebuild target(s)).

Build succeeded.

Time Elapsed 00:00:00.67
