Build started 2016/12/3 14:28:28.
     1>Project "E:\作业\郑文庆第三次作业\zwq3.c\zwq3.c\zwq3.c.vcxproj" on node 2 (rebuild target(s)).
     1>_PrepareForClean:
         Deleting file "Debug\zwq3.c.lastbuildstate".
       InitializeBuildStatus:
         Creating "Debug\zwq3.c.unsuccessfulbuild" because "AlwaysCreate" was specified.
       ClCompile:
         d:\Program Files (x86)\Microsoft Visual Studio 10.0\VC\bin\CL.exe /c /ZI /nologo /W3 /WX- /Od /Oy- /D WIN32 /D _DEBUG /D _CONSOLE /D _UNICODE /D UNICODE /Gm /EHsc /RTC1 /MDd /GS /fp:precise /Zc:wchar_t /Zc:forScope /Fo"Debug\\" /Fd"Debug\vc100.pdb" /Gd /TC /analyze- /errorReport:prompt zwq3.c
         zwq3.c
     1>e:\作业\郑文庆第三次作业\zwq3.c\zwq3.c\zwq3.c(12): warning C4996: 'scanf': This function or variable may be unsafe. Consider using scanf_s instead. To disable deprecation, use _CRT_SECURE_NO_WARNINGS. See online help for details.
                 d:\program files (x86)\microsoft visual studio 10.0\vc\include\stdio.h(304) : see declaration of 'scanf'
     1>e:\作业\郑文庆第三次作业\zwq3.c\zwq3.c\zwq3.c(15): warning C4996: 'scanf': This function or variable may be unsafe. Consider using scanf_s instead. To disable deprecation, use _CRT_SECURE_NO_WARNINGS. See online help for details.
                 d:\program files (x86)\microsoft visual studio 10.0\vc\include\stdio.h(304) : see declaration of 'scanf'
     1>e:\作业\郑文庆第三次作业\zwq3.c\zwq3.c\zwq3.c(18): warning C4996: 'scanf': This function or variable may be unsafe. Consider using scanf_s instead. To disable deprecation, use _CRT_SECURE_NO_WARNINGS. See online help for details.
                 d:\program files (x86)\microsoft visual studio 10.0\vc\include\stdio.h(304) : see declaration of 'scanf'
       ManifestResourceCompile:
         C:\Program Files (x86)\Microsoft SDKs\Windows\v7.0A\bin\rc.exe /nologo /fo"Debug\zwq3.c.exe.embed.manifest.res" Debug\zwq3.c_manifest.rc 
       Link:
         d:\Program Files (x86)\Microsoft Visual Studio 10.0\VC\bin\link.exe /ERRORREPORT:PROMPT /OUT:"E:\作业\郑文庆第三次作业\zwq3.c\Debug\zwq3.c.exe" /INCREMENTAL /NOLOGO kernel32.lib user32.lib gdi32.lib winspool.lib comdlg32.lib advapi32.lib shell32.lib ole32.lib oleaut32.lib uuid.lib odbc32.lib odbccp32.lib /MANIFEST /ManifestFile:"Debug\zwq3.c.exe.intermediate.manifest" /MANIFESTUAC:"level='asInvoker' uiAccess='false'" /DEBUG /PDB:"E:\作业\郑文庆第三次作业\zwq3.c\Debug\zwq3.c.pdb" /SUBSYSTEM:CONSOLE /TLBID:1 /DYNAMICBASE /NXCOMPAT /IMPLIB:"E:\作业\郑文庆第三次作业\zwq3.c\Debug\zwq3.c.lib" /MACHINE:X86 Debug\zwq3.c.exe.embed.manifest.res
         Debug\zwq3.obj
       Manifest:
         Deleting file "Debug\zwq3.c.exe.embed.manifest".
         C:\Program Files (x86)\Microsoft SDKs\Windows\v7.0A\bin\mt.exe /nologo /verbose /out:"Debug\zwq3.c.exe.embed.manifest" /manifest Debug\zwq3.c.exe.intermediate.manifest
         C:\Program Files (x86)\Microsoft SDKs\Windows\v7.0A\bin\rc.exe /nologo /fo"Debug\zwq3.c.exe.embed.manifest.res" Debug\zwq3.c_manifest.rc 
       LinkEmbedManifest:
         d:\Program Files (x86)\Microsoft Visual Studio 10.0\VC\bin\link.exe /ERRORREPORT:PROMPT /OUT:"E:\作业\郑文庆第三次作业\zwq3.c\Debug\zwq3.c.exe" /INCREMENTAL /NOLOGO kernel32.lib user32.lib gdi32.lib winspool.lib comdlg32.lib advapi32.lib shell32.lib ole32.lib oleaut32.lib uuid.lib odbc32.lib odbccp32.lib /MANIFEST /ManifestFile:"Debug\zwq3.c.exe.intermediate.manifest" /MANIFESTUAC:"level='asInvoker' uiAccess='false'" /DEBUG /PDB:"E:\作业\郑文庆第三次作业\zwq3.c\Debug\zwq3.c.pdb" /SUBSYSTEM:CONSOLE /TLBID:1 /DYNAMICBASE /NXCOMPAT /IMPLIB:"E:\作业\郑文庆第三次作业\zwq3.c\Debug\zwq3.c.lib" /MACHINE:X86 Debug\zwq3.c.exe.embed.manifest.res
         Debug\zwq3.obj
         zwq3.c.vcxproj -> E:\作业\郑文庆第三次作业\zwq3.c\Debug\zwq3.c.exe
       FinalizeBuildStatus:
         Deleting file "Debug\zwq3.c.unsuccessfulbuild".
         Touching "Debug\zwq3.c.lastbuildstate".
     1>Done Building Project "E:\作业\郑文庆第三次作业\zwq3.c\zwq3.c\zwq3.c.vcxproj" (rebuild target(s)).

Build succeeded.

Time Elapsed 00:00:19.76
