C:\USERS\ADMINISTRATOR\DESKTOP\VS2010程序\ZWQ3.C\DEBUG\ZWQ3.C.EXE
C:\USERS\ADMINISTRATOR\DESKTOP\VS2010程序\ZWQ3.C\DEBUG\ZWQ3.C.ILK
C:\USERS\ADMINISTRATOR\DESKTOP\VS2010程序\ZWQ3.C\DEBUG\ZWQ3.C.PDB
C:\USERS\ADMINISTRATOR\DESKTOP\VS2010程序\ZWQ3.C\ZWQ3.C\DEBUG\VC100.PDB
C:\USERS\ADMINISTRATOR\DESKTOP\VS2010程序\ZWQ3.C\ZWQ3.C\DEBUG\ZWQ3.C.EXE.EMBED.MANIFEST
C:\USERS\ADMINISTRATOR\DESKTOP\VS2010程序\ZWQ3.C\ZWQ3.C\DEBUG\ZWQ3.C.EXE.EMBED.MANIFEST.RES
C:\USERS\ADMINISTRATOR\DESKTOP\VS2010程序\ZWQ3.C\ZWQ3.C\DEBUG\ZWQ3.C.EXE.INTERMEDIATE.MANIFEST
C:\USERS\ADMINISTRATOR\DESKTOP\VS2010程序\ZWQ3.C\ZWQ3.C\DEBUG\ZWQ3.OBJ
E:\作业\郑文庆第三次作业\zwq3.c\Debug\zwq3.c.exe
E:\作业\郑文庆第三次作业\zwq3.c\Debug\zwq3.c.ilk
E:\作业\郑文庆第三次作业\zwq3.c\Debug\zwq3.c.pdb
E:\作业\郑文庆第三次作业\zwq3.c\zwq3.c\Debug\cl.command.1.tlog
E:\作业\郑文庆第三次作业\zwq3.c\zwq3.c\Debug\CL.read.1.tlog
E:\作业\郑文庆第三次作业\zwq3.c\zwq3.c\Debug\CL.write.1.tlog
E:\作业\郑文庆第三次作业\zwq3.c\zwq3.c\Debug\link.5340.read.1.tlog
E:\作业\郑文庆第三次作业\zwq3.c\zwq3.c\Debug\link.5340.write.1.tlog
E:\作业\郑文庆第三次作业\zwq3.c\zwq3.c\Debug\link.5340-cvtres.read.1.tlog
E:\作业\郑文庆第三次作业\zwq3.c\zwq3.c\Debug\link.5340-cvtres.write.1.tlog
E:\作业\郑文庆第三次作业\zwq3.c\zwq3.c\Debug\link.command.1.tlog
E:\作业\郑文庆第三次作业\zwq3.c\zwq3.c\Debug\link.read.1.tlog
E:\作业\郑文庆第三次作业\zwq3.c\zwq3.c\Debug\link.write.1.tlog
E:\作业\郑文庆第三次作业\zwq3.c\zwq3.c\Debug\link-cvtres.read.1.tlog
E:\作业\郑文庆第三次作业\zwq3.c\zwq3.c\Debug\link-cvtres.write.1.tlog
E:\作业\郑文庆第三次作业\zwq3.c\zwq3.c\Debug\mt.command.1.tlog
E:\作业\郑文庆第三次作业\zwq3.c\zwq3.c\Debug\mt.read.1.tlog
E:\作业\郑文庆第三次作业\zwq3.c\zwq3.c\Debug\mt.write.1.tlog
E:\作业\郑文庆第三次作业\zwq3.c\zwq3.c\Debug\rc.command.1.tlog
E:\作业\郑文庆第三次作业\zwq3.c\zwq3.c\Debug\rc.read.1.tlog
E:\作业\郑文庆第三次作业\zwq3.c\zwq3.c\Debug\rc.write.1.tlog
E:\作业\郑文庆第三次作业\zwq3.c\zwq3.c\Debug\vc100.idb
E:\作业\郑文庆第三次作业\zwq3.c\zwq3.c\Debug\vc100.pdb
E:\作业\郑文庆第三次作业\zwq3.c\zwq3.c\Debug\zwq3.c.exe.embed.manifest
E:\作业\郑文庆第三次作业\zwq3.c\zwq3.c\Debug\zwq3.c.exe.embed.manifest.res
E:\作业\郑文庆第三次作业\zwq3.c\zwq3.c\Debug\zwq3.c.exe.intermediate.manifest
E:\作业\郑文庆第三次作业\zwq3.c\zwq3.c\Debug\zwq3.c.write.1.tlog
E:\作业\郑文庆第三次作业\zwq3.c\zwq3.c\Debug\zwq3.c_manifest.rc
E:\作业\郑文庆第三次作业\zwq3.c\zwq3.c\Debug\zwq3.obj
