E:\软酷网作业\学期实训项目——贪吃蛇游戏GAMESNAKE\DEBUG\GAMESNAKE.EXE
E:\软酷网作业\学期实训项目——贪吃蛇游戏GAMESNAKE\DEBUG\GAMESNAKE.EXE.MANIFEST
E:\软酷网作业\学期实训项目——贪吃蛇游戏GAMESNAKE\DEBUG\GAMESNAKE.ILK
E:\软酷网作业\学期实训项目——贪吃蛇游戏GAMESNAKE\DEBUG\GAMESNAKE.PDB
E:\软酷网作业\学期实训项目——贪吃蛇游戏GameSnake\GameSnake\Debug\cl.command.1.tlog
E:\软酷网作业\学期实训项目——贪吃蛇游戏GameSnake\GameSnake\Debug\CL.read.1.tlog
E:\软酷网作业\学期实训项目——贪吃蛇游戏GameSnake\GameSnake\Debug\CL.write.1.tlog
E:\软酷网作业\学期实训项目——贪吃蛇游戏GAMESNAKE\GAMESNAKE\DEBUG\GAME.OBJ
E:\软酷网作业\学期实训项目——贪吃蛇游戏GAMESNAKE\GAMESNAKE\DEBUG\GAMESNAKE.EXE.INTERMEDIATE.MANIFEST
E:\软酷网作业\学期实训项目——贪吃蛇游戏GameSnake\GameSnake\Debug\GameSnake.write.1.tlog
E:\软酷网作业\学期实训项目——贪吃蛇游戏GameSnake\GameSnake\Debug\link.command.1.tlog
E:\软酷网作业\学期实训项目——贪吃蛇游戏GameSnake\GameSnake\Debug\link.read.1.tlog
E:\软酷网作业\学期实训项目——贪吃蛇游戏GameSnake\GameSnake\Debug\link.write.1.tlog
E:\软酷网作业\学期实训项目——贪吃蛇游戏GAMESNAKE\GAMESNAKE\DEBUG\MAIN.OBJ
E:\软酷网作业\学期实训项目——贪吃蛇游戏GameSnake\GameSnake\Debug\mt.command.1.tlog
E:\软酷网作业\学期实训项目——贪吃蛇游戏GameSnake\GameSnake\Debug\mt.read.1.tlog
E:\软酷网作业\学期实训项目——贪吃蛇游戏GameSnake\GameSnake\Debug\mt.write.1.tlog
E:\软酷网作业\学期实训项目——贪吃蛇游戏GAMESNAKE\GAMESNAKE\DEBUG\RANK.OBJ
E:\软酷网作业\学期实训项目——贪吃蛇游戏GAMESNAKE\GAMESNAKE\DEBUG\UI.OBJ
E:\软酷网作业\学期实训项目——贪吃蛇游戏GameSnake\GameSnake\Debug\vc100.idb
E:\软酷网作业\学期实训项目——贪吃蛇游戏GAMESNAKE\GAMESNAKE\DEBUG\VC100.PDB
