Build started 2017-09-02  星期六 16:07:53.
     1>Project "E:\RuankoTask\C语言\学期实训项目——贪吃蛇游戏GameSnake\GameSnake\GameSnake.vcxproj" on node 2 (build target(s)).
     1>InitializeBuildStatus:
         Creating "Debug\GameSnake.unsuccessfulbuild" because "AlwaysCreate" was specified.
       ClCompile:
         d:\Program Files (x86)\Microsoft Visual Studio 10.0\VC\bin\CL.exe /c /ZI /nologo /W3 /WX- /Od /Oy- /D WIN32 /D _DEBUG /D _CONSOLE /D _UNICODE /D UNICODE /Gm /EHsc /RTC1 /MDd /GS /fp:precise /Zc:wchar_t /Zc:forScope /Fo"Debug\\" /Fd"Debug\vc100.pdb" /Gd /TC /analyze- /errorReport:prompt Rank.c
         Rank.c
     1>e:\ruankotask\c语言\学期实训项目——贪吃蛇游戏gamesnake\gamesnake\rank.c(7): warning C4996: 'fopen': This function or variable may be unsafe. Consider using fopen_s instead. To disable deprecation, use _CRT_SECURE_NO_WARNINGS. See online help for details.
                 d:\program files (x86)\microsoft visual studio 10.0\vc\include\stdio.h(234) : see declaration of 'fopen'
     1>e:\ruankotask\c语言\学期实训项目——贪吃蛇游戏gamesnake\gamesnake\rank.c(27): warning C4996: 'fopen': This function or variable may be unsafe. Consider using fopen_s instead. To disable deprecation, use _CRT_SECURE_NO_WARNINGS. See online help for details.
                 d:\program files (x86)\microsoft visual studio 10.0\vc\include\stdio.h(234) : see declaration of 'fopen'
       Link:
         d:\Program Files (x86)\Microsoft Visual Studio 10.0\VC\bin\link.exe /ERRORREPORT:PROMPT /OUT:"E:\RuankoTask\C语言\学期实训项目——贪吃蛇游戏GameSnake\Debug\GameSnake.exe" /INCREMENTAL /NOLOGO kernel32.lib user32.lib gdi32.lib winspool.lib comdlg32.lib advapi32.lib shell32.lib ole32.lib oleaut32.lib uuid.lib odbc32.lib odbccp32.lib /MANIFEST /ManifestFile:"Debug\GameSnake.exe.intermediate.manifest" /MANIFESTUAC:"level='asInvoker' uiAccess='false'" /DEBUG /PDB:"E:\RuankoTask\C语言\学期实训项目——贪吃蛇游戏GameSnake\Debug\GameSnake.pdb" /SUBSYSTEM:CONSOLE /TLBID:1 /DYNAMICBASE /NXCOMPAT /IMPLIB:"E:\RuankoTask\C语言\学期实训项目——贪吃蛇游戏GameSnake\Debug\GameSnake.lib" /MACHINE:X86 Debug\Game.obj
         Debug\main.obj
         Debug\Rank.obj
         Debug\UI.obj
         GameSnake.vcxproj -> E:\RuankoTask\C语言\学期实训项目——贪吃蛇游戏GameSnake\Debug\GameSnake.exe
       Manifest:
         C:\Program Files (x86)\Microsoft SDKs\Windows\v7.0A\bin\mt.exe /nologo /verbose /out:"E:\RuankoTask\C语言\学期实训项目——贪吃蛇游戏GameSnake\Debug\GameSnake.exe.manifest" /manifest Debug\GameSnake.exe.intermediate.manifest
       FinalizeBuildStatus:
         Deleting file "Debug\GameSnake.unsuccessfulbuild".
         Touching "Debug\GameSnake.lastbuildstate".
     1>Done Building Project "E:\RuankoTask\C语言\学期实训项目——贪吃蛇游戏GameSnake\GameSnake\GameSnake.vcxproj" (build target(s)).

Build succeeded.

Time Elapsed 00:00:03.76
