Build started 2017/3/25/星期六 22:33:56.
     1>Project "H:\软酷网作业\第六次作业学生信息管理系统2stuManagement\stuManagement\stuManagement.vcxproj" on node 2 (rebuild target(s)).
     1>_PrepareForClean:
         Deleting file "Debug\stuManagement.lastbuildstate".
       InitializeBuildStatus:
         Creating "Debug\stuManagement.unsuccessfulbuild" because "AlwaysCreate" was specified.
       ClCompile:
         D:\Program Files (x86)\Microsoft Visual Studio 10.0\VC\bin\CL.exe /c /ZI /nologo /W3 /WX- /Od /Oy- /D WIN32 /D _DEBUG /D _CONSOLE /D _UNICODE /D UNICODE /Gm /EHsc /RTC1 /MDd /GS /fp:precise /Zc:wchar_t /Zc:forScope /Fo"Debug\\" /Fd"Debug\vc100.pdb" /Gd /TC /analyze- /errorReport:prompt stuManagement.c
         stuManagement.c
     1>h:\软酷网作业\第六次作业学生信息管理系统2stumanagement\stumanagement\stumanagement.c(172): warning C4028: formal parameter 1 different from declaration
       ManifestResourceCompile:
         C:\Program Files (x86)\Microsoft SDKs\Windows\v7.0A\bin\rc.exe /nologo /fo"Debug\stuManagement.exe.embed.manifest.res" Debug\stuManagement_manifest.rc 
       Link:
         D:\Program Files (x86)\Microsoft Visual Studio 10.0\VC\bin\link.exe /ERRORREPORT:PROMPT /OUT:"H:\软酷网作业\第六次作业学生信息管理系统2stuManagement\Debug\stuManagement.exe" /INCREMENTAL /NOLOGO kernel32.lib user32.lib gdi32.lib winspool.lib comdlg32.lib advapi32.lib shell32.lib ole32.lib oleaut32.lib uuid.lib odbc32.lib odbccp32.lib /MANIFEST /ManifestFile:"Debug\stuManagement.exe.intermediate.manifest" /MANIFESTUAC:"level='asInvoker' uiAccess='false'" /DEBUG /PDB:"H:\软酷网作业\第六次作业学生信息管理系统2stuManagement\Debug\stuManagement.pdb" /SUBSYSTEM:CONSOLE /TLBID:1 /DYNAMICBASE /NXCOMPAT /IMPLIB:"H:\软酷网作业\第六次作业学生信息管理系统2stuManagement\Debug\stuManagement.lib" /MACHINE:X86 Debug\stuManagement.exe.embed.manifest.res
         Debug\stuManagement.obj
       Manifest:
         Deleting file "Debug\stuManagement.exe.embed.manifest".
         C:\Program Files (x86)\Microsoft SDKs\Windows\v7.0A\bin\mt.exe /nologo /verbose /out:"Debug\stuManagement.exe.embed.manifest" /manifest Debug\stuManagement.exe.intermediate.manifest
         C:\Program Files (x86)\Microsoft SDKs\Windows\v7.0A\bin\rc.exe /nologo /fo"Debug\stuManagement.exe.embed.manifest.res" Debug\stuManagement_manifest.rc 
       LinkEmbedManifest:
         D:\Program Files (x86)\Microsoft Visual Studio 10.0\VC\bin\link.exe /ERRORREPORT:PROMPT /OUT:"H:\软酷网作业\第六次作业学生信息管理系统2stuManagement\Debug\stuManagement.exe" /INCREMENTAL /NOLOGO kernel32.lib user32.lib gdi32.lib winspool.lib comdlg32.lib advapi32.lib shell32.lib ole32.lib oleaut32.lib uuid.lib odbc32.lib odbccp32.lib /MANIFEST /ManifestFile:"Debug\stuManagement.exe.intermediate.manifest" /MANIFESTUAC:"level='asInvoker' uiAccess='false'" /DEBUG /PDB:"H:\软酷网作业\第六次作业学生信息管理系统2stuManagement\Debug\stuManagement.pdb" /SUBSYSTEM:CONSOLE /TLBID:1 /DYNAMICBASE /NXCOMPAT /IMPLIB:"H:\软酷网作业\第六次作业学生信息管理系统2stuManagement\Debug\stuManagement.lib" /MACHINE:X86 Debug\stuManagement.exe.embed.manifest.res
         Debug\stuManagement.obj
         stuManagement.vcxproj -> H:\软酷网作业\第六次作业学生信息管理系统2stuManagement\Debug\stuManagement.exe
       FinalizeBuildStatus:
         Deleting file "Debug\stuManagement.unsuccessfulbuild".
         Touching "Debug\stuManagement.lastbuildstate".
     1>Done Building Project "H:\软酷网作业\第六次作业学生信息管理系统2stuManagement\stuManagement\stuManagement.vcxproj" (rebuild target(s)).

Build succeeded.

Time Elapsed 00:00:10.41
