E:\软酷网作业\第六次作业学生信息管理系统2STUMANAGEMENT\DEBUG\STUMANAGEMENT.EXE
E:\软酷网作业\第六次作业学生信息管理系统2STUMANAGEMENT\DEBUG\STUMANAGEMENT.ILK
E:\软酷网作业\第六次作业学生信息管理系统2STUMANAGEMENT\DEBUG\STUMANAGEMENT.PDB
E:\软酷网作业\第六次作业学生信息管理系统2STUMANAGEMENT\STUMANAGEMENT\DEBUG\STUMANAGEMENT.EXE.EMBED.MANIFEST
E:\软酷网作业\第六次作业学生信息管理系统2STUMANAGEMENT\STUMANAGEMENT\DEBUG\STUMANAGEMENT.EXE.EMBED.MANIFEST.RES
E:\软酷网作业\第六次作业学生信息管理系统2STUMANAGEMENT\STUMANAGEMENT\DEBUG\STUMANAGEMENT.EXE.INTERMEDIATE.MANIFEST
E:\软酷网作业\第六次作业学生信息管理系统2STUMANAGEMENT\STUMANAGEMENT\DEBUG\STUMANAGEMENT.OBJ
E:\软酷网作业\第六次作业学生信息管理系统2STUMANAGEMENT\STUMANAGEMENT\DEBUG\VC100.PDB
H:\软酷网作业\第六次作业学生信息管理系统2STUMANAGEMENT\DEBUG\STUMANAGEMENT.EXE
H:\软酷网作业\第六次作业学生信息管理系统2STUMANAGEMENT\DEBUG\STUMANAGEMENT.ILK
H:\软酷网作业\第六次作业学生信息管理系统2STUMANAGEMENT\DEBUG\STUMANAGEMENT.PDB
H:\软酷网作业\第六次作业学生信息管理系统2stuManagement\stuManagement\Debug\cl.command.1.tlog
H:\软酷网作业\第六次作业学生信息管理系统2stuManagement\stuManagement\Debug\CL.read.1.tlog
H:\软酷网作业\第六次作业学生信息管理系统2stuManagement\stuManagement\Debug\CL.write.1.tlog
H:\软酷网作业\第六次作业学生信息管理系统2stuManagement\stuManagement\Debug\link.8492.read.1.tlog
H:\软酷网作业\第六次作业学生信息管理系统2stuManagement\stuManagement\Debug\link.8492.write.1.tlog
H:\软酷网作业\第六次作业学生信息管理系统2stuManagement\stuManagement\Debug\link.8492-cvtres.read.1.tlog
H:\软酷网作业\第六次作业学生信息管理系统2stuManagement\stuManagement\Debug\link.8492-cvtres.write.1.tlog
H:\软酷网作业\第六次作业学生信息管理系统2stuManagement\stuManagement\Debug\link.command.1.tlog
H:\软酷网作业\第六次作业学生信息管理系统2stuManagement\stuManagement\Debug\link.read.1.tlog
H:\软酷网作业\第六次作业学生信息管理系统2stuManagement\stuManagement\Debug\link.write.1.tlog
H:\软酷网作业\第六次作业学生信息管理系统2stuManagement\stuManagement\Debug\link-cvtres.read.1.tlog
H:\软酷网作业\第六次作业学生信息管理系统2stuManagement\stuManagement\Debug\link-cvtres.write.1.tlog
H:\软酷网作业\第六次作业学生信息管理系统2stuManagement\stuManagement\Debug\mt.command.1.tlog
H:\软酷网作业\第六次作业学生信息管理系统2stuManagement\stuManagement\Debug\mt.read.1.tlog
H:\软酷网作业\第六次作业学生信息管理系统2stuManagement\stuManagement\Debug\mt.write.1.tlog
H:\软酷网作业\第六次作业学生信息管理系统2stuManagement\stuManagement\Debug\rc.command.1.tlog
H:\软酷网作业\第六次作业学生信息管理系统2stuManagement\stuManagement\Debug\rc.read.1.tlog
H:\软酷网作业\第六次作业学生信息管理系统2stuManagement\stuManagement\Debug\rc.write.1.tlog
H:\软酷网作业\第六次作业学生信息管理系统2stuManagement\stuManagement\Debug\stuManagement.exe.embed.manifest
H:\软酷网作业\第六次作业学生信息管理系统2STUMANAGEMENT\STUMANAGEMENT\DEBUG\STUMANAGEMENT.EXE.EMBED.MANIFEST.RES
H:\软酷网作业\第六次作业学生信息管理系统2STUMANAGEMENT\STUMANAGEMENT\DEBUG\STUMANAGEMENT.EXE.INTERMEDIATE.MANIFEST
H:\软酷网作业\第六次作业学生信息管理系统2STUMANAGEMENT\STUMANAGEMENT\DEBUG\STUMANAGEMENT.OBJ
H:\软酷网作业\第六次作业学生信息管理系统2stuManagement\stuManagement\Debug\stuManagement.vcxprojResolveAssemblyReference.cache
H:\软酷网作业\第六次作业学生信息管理系统2stuManagement\stuManagement\Debug\stuManagement.write.1.tlog
H:\软酷网作业\第六次作业学生信息管理系统2stuManagement\stuManagement\Debug\stuManagement_manifest.rc
H:\软酷网作业\第六次作业学生信息管理系统2stuManagement\stuManagement\Debug\vc100.idb
H:\软酷网作业\第六次作业学生信息管理系统2STUMANAGEMENT\STUMANAGEMENT\DEBUG\VC100.PDB
