H:\作业\STUMANAGEMENT\DEBUG\STUMANAGEMENT.EXE
H:\作业\STUMANAGEMENT\DEBUG\STUMANAGEMENT.ILK
H:\作业\STUMANAGEMENT\DEBUG\STUMANAGEMENT.PDB
H:\作业\stuManagement\stuManagement\Debug\cl.command.1.tlog
H:\作业\stuManagement\stuManagement\Debug\CL.read.1.tlog
H:\作业\stuManagement\stuManagement\Debug\CL.write.1.tlog
H:\作业\stuManagement\stuManagement\Debug\link.276.read.1.tlog
H:\作业\stuManagement\stuManagement\Debug\link.276.write.1.tlog
H:\作业\stuManagement\stuManagement\Debug\link.276-cvtres.read.1.tlog
H:\作业\stuManagement\stuManagement\Debug\link.276-cvtres.write.1.tlog
H:\作业\stuManagement\stuManagement\Debug\link.command.1.tlog
H:\作业\stuManagement\stuManagement\Debug\link.read.1.tlog
H:\作业\stuManagement\stuManagement\Debug\link.write.1.tlog
H:\作业\stuManagement\stuManagement\Debug\link-cvtres.read.1.tlog
H:\作业\stuManagement\stuManagement\Debug\link-cvtres.write.1.tlog
H:\作业\stuManagement\stuManagement\Debug\mt.command.1.tlog
H:\作业\stuManagement\stuManagement\Debug\mt.read.1.tlog
H:\作业\stuManagement\stuManagement\Debug\mt.write.1.tlog
H:\作业\stuManagement\stuManagement\Debug\rc.command.1.tlog
H:\作业\stuManagement\stuManagement\Debug\rc.read.1.tlog
H:\作业\stuManagement\stuManagement\Debug\rc.write.1.tlog
H:\作业\STUMANAGEMENT\STUMANAGEMENT\DEBUG\STUMANAGEMENT.EXE.EMBED.MANIFEST
H:\作业\STUMANAGEMENT\STUMANAGEMENT\DEBUG\STUMANAGEMENT.EXE.EMBED.MANIFEST.RES
H:\作业\STUMANAGEMENT\STUMANAGEMENT\DEBUG\STUMANAGEMENT.EXE.INTERMEDIATE.MANIFEST
H:\作业\STUMANAGEMENT\STUMANAGEMENT\DEBUG\STUMANAGEMENT.OBJ
H:\作业\stuManagement\stuManagement\Debug\stuManagement_manifest.rc
H:\作业\stuManagement\stuManagement\Debug\vc100.idb
H:\作业\STUMANAGEMENT\STUMANAGEMENT\DEBUG\VC100.PDB
