Build started 2017-09-08  星期五 22:33:40.
     1>Project "E:\RuankoTask\C语言\第二次作业猜数字游戏\郑文庆第二次作业.c\郑文庆第二次作业.c.vcxproj" on node 2 (build target(s)).
     1>PrepareForBuild:
         Creating directory "E:\RuankoTask\C语言\第二次作业猜数字游戏\Release\".
       InitializeBuildStatus:
         Creating "Release\郑文庆第二次作业.c.unsuccessfulbuild" because "AlwaysCreate" was specified.
       ClCompile:
         d:\Program Files (x86)\Microsoft Visual Studio 10.0\VC\bin\CL.exe /c /Zi /nologo /W3 /WX- /O2 /Oi /Oy- /GL /D WIN32 /D NDEBUG /D _CONSOLE /D _UNICODE /D UNICODE /Gm- /EHsc /MD /GS /Gy /fp:precise /Zc:wchar_t /Zc:forScope /Fo"Release\\" /Fd"Release\vc100.pdb" /Gd /TC /analyze- /errorReport:prompt "郑文庆第二次作业.c"
         郑文庆第二次作业.c
     1>郑文庆第二次作业.c(20): warning C4996: 'scanf': This function or variable may be unsafe. Consider using scanf_s instead. To disable deprecation, use _CRT_SECURE_NO_WARNINGS. See online help for details.
                 d:\Program Files (x86)\Microsoft Visual Studio 10.0\VC\include\stdio.h(304) : see declaration of 'scanf'
     1>郑文庆第二次作业.c(22): warning C4013: 'time' undefined; assuming extern returning int
     1>郑文庆第二次作业.c(38): warning C4996: 'scanf': This function or variable may be unsafe. Consider using scanf_s instead. To disable deprecation, use _CRT_SECURE_NO_WARNINGS. See online help for details.
                 d:\Program Files (x86)\Microsoft Visual Studio 10.0\VC\include\stdio.h(304) : see declaration of 'scanf'
       Link:
         d:\Program Files (x86)\Microsoft Visual Studio 10.0\VC\bin\link.exe /ERRORREPORT:PROMPT /OUT:"E:\RuankoTask\C语言\第二次作业猜数字游戏\Release\郑文庆第二次作业.c.exe" /INCREMENTAL:NO /NOLOGO kernel32.lib user32.lib gdi32.lib winspool.lib comdlg32.lib advapi32.lib shell32.lib ole32.lib oleaut32.lib uuid.lib odbc32.lib odbccp32.lib /MANIFEST /ManifestFile:"Release\郑文庆第二次作业.c.exe.intermediate.manifest" /MANIFESTUAC:"level='asInvoker' uiAccess='false'" /DEBUG /PDB:"E:\RuankoTask\C语言\第二次作业猜数字游戏\Release\郑文庆第二次作业.c.pdb" /SUBSYSTEM:CONSOLE /OPT:REF /OPT:ICF /LTCG /TLBID:1 /DYNAMICBASE /NXCOMPAT /IMPLIB:"E:\RuankoTask\C语言\第二次作业猜数字游戏\Release\郑文庆第二次作业.c.lib" /MACHINE:X86 "Release\郑文庆第二次作业.obj"
         Generating code
         Finished generating code
         郑文庆第二次作业.c.vcxproj -> E:\RuankoTask\C语言\第二次作业猜数字游戏\Release\郑文庆第二次作业.c.exe
       Manifest:
         C:\Program Files (x86)\Microsoft SDKs\Windows\v7.0A\bin\mt.exe /nologo /verbose /outputresource:"E:\RuankoTask\C语言\第二次作业猜数字游戏\Release\郑文庆第二次作业.c.exe;#1" /manifest "Release\郑文庆第二次作业.c.exe.intermediate.manifest"
       FinalizeBuildStatus:
         Deleting file "Release\郑文庆第二次作业.c.unsuccessfulbuild".
         Touching "Release\郑文庆第二次作业.c.lastbuildstate".
     1>Done Building Project "E:\RuankoTask\C语言\第二次作业猜数字游戏\郑文庆第二次作业.c\郑文庆第二次作业.c.vcxproj" (build target(s)).

Build succeeded.

Time Elapsed 00:00:00.83
